
CommandNotFoundError: Your shell has not been properly configured to use 'conda activate'.
To initialize your shell, run

    $ conda init <SHELL_NAME>

Currently supported shells are:
  - bash
  - fish
  - tcsh
  - xonsh
  - zsh
  - powershell

See 'conda init --help' for more information and options.

IMPORTANT: You may need to close and restart your shell after running 'conda init'.


1 molecule converted
1 molecule converted
1 molecule converted
1 molecule converted
1 molecule converted
1 molecule converted
1 molecule converted
1 molecule converted
1 molecule converted
1 molecule converted
1 molecule converted
INFO:numexpr.utils:Note: NumExpr detected 20 cores but "NUMEXPR_MAX_THREADS" not set, so enforcing safe limit of 8.
INFO:numexpr.utils:NumExpr defaulting to 8 threads.
